<?xml version="1.0" encoding="UTF-8"?>
<!-- Generated by org.testng.reporters.JUnitReportReporter -->
<testsuite hostname="Jagan" failures="0" tests="9" name="api.test.DataDrivenTests" time="16.139" errors="0" timestamp="2025-07-09T13:02:56 IST" skipped="0">
  <testcase classname="api.test.DataDrivenTests" name="testCreateUsers" time="4.433"/>
  <testcase classname="api.test.DataDrivenTests" name="testCreateUsers" time="1.334"/>
  <testcase classname="api.test.DataDrivenTests" name="testCreateUsers" time="1.630"/>
  <testcase classname="api.test.DataDrivenTests" name="testGetUsers" time="1.392"/>
  <testcase classname="api.test.DataDrivenTests" name="testGetUsers" time="1.544"/>
  <testcase classname="api.test.DataDrivenTests" name="testGetUsers" time="1.244"/>
  <testcase classname="api.test.DataDrivenTests" name="testDeleteUsers" time="1.600"/>
  <testcase classname="api.test.DataDrivenTests" name="testDeleteUsers" time="1.430"/>
  <testcase classname="api.test.DataDrivenTests" name="testDeleteUsers" time="1.532"/>
</testsuite> <!-- api.test.DataDrivenTests -->
