<?xml version="1.0" encoding="UTF-8"?>
<!-- Generated by org.testng.reporters.JUnitReportReporter -->
<testsuite hostname="Jagan" failures="0" tests="1" name="api.test.StoreTests" time="3.491" errors="0" timestamp="2025-07-10T14:29:31 IST" skipped="0">
  <testcase classname="api.test.StoreTests" name="testCreateOrder" time="3.491"/>
</testsuite> <!-- api.test.StoreTests -->
