<?xml version="1.0" encoding="UTF-8"?>
<!-- Generated by org.testng.reporters.JUnitReportReporter -->
<testsuite hostname="Jagan" failures="0" tests="9" name="api.test.DataDrivenTests" time="20.670" errors="0" timestamp="2025-07-09T14:11:22 IST" skipped="0">
  <testcase classname="api.test.DataDrivenTests" name="testCreateUsers" time="1.535"/>
  <testcase classname="api.test.DataDrivenTests" name="testCreateUsers" time="7.263"/>
  <testcase classname="api.test.DataDrivenTests" name="testCreateUsers" time="1.538"/>
  <testcase classname="api.test.DataDrivenTests" name="testGetUsers" time="1.548"/>
  <testcase classname="api.test.DataDrivenTests" name="testGetUsers" time="2.508"/>
  <testcase classname="api.test.DataDrivenTests" name="testGetUsers" time="1.679"/>
  <testcase classname="api.test.DataDrivenTests" name="testDeleteUsers" time="1.465"/>
  <testcase classname="api.test.DataDrivenTests" name="testDeleteUsers" time="1.601"/>
  <testcase classname="api.test.DataDrivenTests" name="testDeleteUsers" time="1.533"/>
</testsuite> <!-- api.test.DataDrivenTests -->
